<?xml version="1.0" encoding="UTF-8"?>
<!-- Generated by org.testng.reporters.JUnitXMLReporter -->
<testsuite ignored="3" hostname="LAPTOP-MTP36T1R" failures="1" tests="1" name="Test" time="0.103" errors="0" timestamp="2024-04-22T14:52:41 IST">
  <testcase classname="TestScriptsCallin.AddCART" name="removefromCartFromHomepage" time="0.036">
    <failure type="java.lang.NullPointerException" message="Cannot invoke &amp;quot;org.openqa.selenium.WebDriver.get(String)&amp;quot; because &amp;quot;this.driver&amp;quot; is null">
      <![CDATA[java.lang.NullPointerException: Cannot invoke "org.openqa.selenium.WebDriver.get(String)" because "this.driver" is null
at PageElements.AddToCart.launchURL(AddToCart.java:29)
at TestScriptsCallin.AddCART.removefromCartFromHomepage(AddCART.java:48)
at java.base/java.util.ArrayList.forEach(ArrayList.java:1511)
... Removed 27 stack frames]]>
    </failure>
  </testcase> <!-- removefromCartFromHomepage -->
  <testcase classname="TestScriptsCallin.AddCART" name="login" time="0.0">
    <ignored/>
  </testcase> <!-- login -->
  <testcase classname="TestScriptsCallin.AddCART" name="AddTocartFromhomepage" time="0.0">
    <ignored/>
  </testcase> <!-- AddTocartFromhomepage -->
  <testcase classname="TestScriptsCallin.AddCART" name="LuURL" time="0.0">
    <ignored/>
  </testcase> <!-- LuURL -->
</testsuite> <!-- Test -->
